⚠ --insecure: verificación TLS desactivada (solo para proxy MITM).
Commons fetch · 48 equipo(s) · APPLY (escribe fichas) · per-player=6 per-country=10

[alemania]
  · Manuel Neuer … (node:67404) Warning: Setting the NODE_TLS_REJECT_UNAUTHORIZED environment variable to '0' makes TLS connections and HTTPS requests insecure by disabling certificate verification.
(Use `node --trace-warnings ...` to show where the warning was created)
6 foto(s)
  · Oliver Baumann … 0 foto(s)
  · Alexander Nübel … 0 foto(s)
  · Waldemar Anton … 0 foto(s)
  · Waldemar Anton … 0 foto(s)
  · Jonathan Tah … 0 foto(s)
  · Joshua Kimmich … 2 foto(s)
  · Nico Schlotterbeck … 0 foto(s)
  · Nathaniel Brown … 0 foto(s)
  · David Raum … 0 foto(s)
  · Malick Thiaw … 0 foto(s)
  · Aleksandar Pavlović … 0 foto(s)
  · Leon Goretzka … 1 foto(s)
  · Jamie Leweling … 0 foto(s)
  · Jamal Musiala … 1 foto(s)
  · Pascal Groß … 0 foto(s)
  · Angelo Stiller … 0 foto(s)
  · Florian Wirtz … 0 foto(s)
  · Leroy Sané … 2 foto(s)
  · Nadiem Amiri … 0 foto(s)
  · Felix Nmecha … 0 foto(s)
  · Lennart Karl … 0 foto(s)
  · Kai Havertz … 0 foto(s)
  · Nick Woltemade … 0 foto(s)
  · Maximilian Beier … 0 foto(s)
  · Deniz Undav … 0 foto(s)
  ✓ escrito data\teams\alemania.json

[arabia-saudi]
  · Nawaf Al-Aqidi … 0 foto(s)
  · Mohammed Al-Owais … 0 foto(s)
  · Ahmed Al-Kassar … 0 foto(s)
  · Ali Majrashi … 1 foto(s)
  · Ali Lajami … 0 foto(s)
  · Abdulelah Al-Amri … 0 foto(s)
  · Hassan Tambakti … 0 foto(s)
  · Saud Abdulhamid … 0 foto(s)
  · Nawaf Bu Washl … 0 foto(s)
  · Hassan Kadish … 0 foto(s)
  · Moteb Al-Harbi … 0 foto(s)
  · Jehad Thikri … 0 foto(s)
  · Mohammed Abu Alshamat … 0 foto(s)
  · Nasser Al-Dawsari … 0 foto(s)
  · Musab Al-Juwayr … 0 foto(s)
  · Abdullah Al-Khaibari … 0 foto(s)
  · Ziyad Al-Johani … 0 foto(s)
  · Ala Al-Hajji … 0 foto(s)
  · Mohammed Kanno … 0 foto(s)
  · Aiman Yahya … 0 foto(s)
  · Feras Al-Brikan … 0 foto(s)
  · Salem Al-Dawsari … 0 foto(s)
  · Saleh Al-Shehri … 0 foto(s)
  · Khalid Al-Ghannam … 0 foto(s)
  · Abdullah Al-Hamddan … 0 foto(s)
  · Sultan Mandash … 0 foto(s)
  ✓ escrito data\teams\arabia-saudi.json

[argelia]
  · Melvin Mastil … 0 foto(s)
  · Oussama Benbot … 0 foto(s)
  · Luca Zidane … 0 foto(s)
  · Aïssa Mandi … 0 foto(s)
  · Achraf Abada … 0 foto(s)
  · Mohamed Amine Tougai … 0 foto(s)
  · Zineddine Belaïd … 0 foto(s)
  · Jaouen Hadjam … 0 foto(s)
  · Rayan Aït-Nouri … 1 foto(s)
  · Rafik Belghali … 0 foto(s)
  · Ramy Bensebaini … 0 foto(s)
  · Samir Chergui … 0 foto(s)
  · Ramiz Zerrouki … 0 foto(s)
  · Houssem Aouar … 1 foto(s)
  · Farès Chaïbi … 0 foto(s)
  · Hicham Boudaoui … 0 foto(s)
  · Nabil Bentaleb … 0 foto(s)
  · Ibrahim Maza … 0 foto(s)
  · Yassine Titraoui … 0 foto(s)
  · Riyad Mahrez … 1 foto(s)
  · Amine Gouiri … 0 foto(s)
  · Anis Hadj Moussa … 0 foto(s)
  · Nadhir Benbouali … 0 foto(s)
  · Mohamed Amoura … 0 foto(s)
  · Adil Boulbina … 0 foto(s)
  · Fares Ghedjemis … 0 foto(s)
  ✓ escrito data\teams\argelia.json

[argentina]
  · Juan Musso … 0 foto(s)
  · Gerónimo Rulli … 0 foto(s)
  · Emiliano Martínez … 2 foto(s)
  · Leonardo Balerdi … 0 foto(s)
  · Nicolás Tagliafico … 1 foto(s)
  · Gonzalo Montiel … 5 foto(s)
  · Lisandro Martínez … 1 foto(s)
  · Cristian Romero … 1 foto(s)
  · Nicolás Otamendi … 3 foto(s)
  · Facundo Medina … 0 foto(s)
  · Nahuel Molina … 0 foto(s)
  · Leandro Paredes … 0 foto(s)
  · Rodrigo De Paul … 4 foto(s)
  · Valentín Barco … 0 foto(s)
  · Giovani Lo Celso … 1 foto(s)
  · Exequiel Palacios … 1 foto(s)
  · Nicolás González … 1 foto(s)
  · Alexis Mac Allister … 3 foto(s)
  · Enzo Fernández … 3 foto(s)
  · Julián Álvarez … 1 foto(s)
  · Lionel Andrés Messi … 0 foto(s)
  · Thiago Almada … 0 foto(s)
  · Giuliano Simeone … 0 foto(s)
  · Nicolás Paz … 0 foto(s)
  · José López … 0 foto(s)
  · Lautaro Martínez … 2 foto(s)
  ✓ escrito data\teams\argentina.json

[australia]
  · Mathew Ryan … 1 foto(s)
  · Paul Izzo … 0 foto(s)
  · Patrick Beach … 0 foto(s)
  · Miloš Degenek … 0 foto(s)
  · Alessandro Circati … 0 foto(s)
  · Jacob Italiano … 0 foto(s)
  · Jordan Bos … 0 foto(s)
  · Jason Geria … 0 foto(s)
  · Kai Trewin … 0 foto(s)
  · Aziz Behich … 0 foto(s)
  · Harry Souttar … 0 foto(s)
  · Cameron Burgess … 0 foto(s)
  · Lucas Herrington … 0 foto(s)
  · Connor Metcalfe … 0 foto(s)
  · Aiden O'Neill … 0 foto(s)
  · Cameron Devlin … 0 foto(s)
  · Jackson Irvine … 0 foto(s)
  · Paul Okon-Engstler … 0 foto(s)
  · Mathew Leckie … 1 foto(s)
  · Mohamed Toure … 0 foto(s)
  · Ajdin Hrustić … 0 foto(s)
  · Awer Mabil … 1 foto(s)
  · Nestory Irankunda … 0 foto(s)
  · Cristian Volpato … 0 foto(s)
  · Nishan Velupillay … 0 foto(s)
  · Tete Yengi … 0 foto(s)
  ✓ escrito data\teams\australia.json

[austria]
  · Alexander Schlager … 0 foto(s)
  · Florian Wiegele … 0 foto(s)
  · Patrick Pentz … 0 foto(s)
  · David Affengruber … 0 foto(s)
  · Kevin Danso … 0 foto(s)
  · Stefan Posch … 0 foto(s)
  · David Alaba … 5 foto(s)
  · Philipp Lienhart … 0 foto(s)
  · Phillipp Mwene … 0 foto(s)
  · Marco Friedl … 0 foto(s)
  · Michael Svoboda … 0 foto(s)
  · Xaver Schlager … 1 foto(s)
  · Nicolas Seiwald … 0 foto(s)
  · Marcel Sabitzer … 6 foto(s)
  · Florian Grillitsch … 0 foto(s)
  · Carney Chukwuemeka … 0 foto(s)
  · Romano Schmid … 0 foto(s)
  · Christoph Baumgartner … 0 foto(s)
  · Konrad Laimer … 0 foto(s)
  · Alexander Prass … 0 foto(s)
  · Paul Wanner … 0 foto(s)
  · Alessandro Schöpf … 3 foto(s)
  · Marko Arnautović … 6 foto(s)
  · Michael Gregoritsch … 0 foto(s)
  · Sasa Kalajdžić … 0 foto(s)
  · Patrick Wimmer … 0 foto(s)
  ✓ escrito data\teams\austria.json

[belgica]
  · Thibaut Courtois … 2 foto(s)
  · Senne Lammens … 2 foto(s)
  · Mike Penders … 0 foto(s)
  · Zeno Debast … 2 foto(s)
  · Arthur Theate … 2 foto(s)
  · Brandon Mechele … 3 foto(s)
  · Maxim De Cuyper … 2 foto(s)
  · Thomas Meunier … 3 foto(s)
  · Koni De Winter … 1 foto(s)
  · Joaquin Seys … 1 foto(s)
  · Timothy Castagne … 3 foto(s)
  · Nathan Ngoy … 0 foto(s)
  · Axel Witsel … 6 foto(s)
  · Kevin De Bruyne … 6 foto(s)
  · Youri Tielemans … 2 foto(s)
  · Diego Moreira … 0 foto(s)
  · Hans Vanaken … 0 foto(s)
  · Alexis Saelemaekers … 1 foto(s)
  · Nicolas Raskin … 3 foto(s)
  · Amadou Onana … 5 foto(s)
  · Romelu Lukaku … 2 foto(s)
  · Leandro Trossard … 1 foto(s)
  · Jérémy Doku … 5 foto(s)
  · Dodi Lukebakio … 3 foto(s)
  · Charles De Ketelaere … 5 foto(s)
  · Matías Fernández-Pardo … 0 foto(s)
  ✓ escrito data\teams\belgica.json

[bosnia]
  · Nikola Vasilj … 0 foto(s)
  · Mladen Jurkas … 0 foto(s)
  · Martin Zlomislić … 0 foto(s)
  · Nihad Mujakić … 0 foto(s)
  · Dennis Hadžikadunić … 0 foto(s)
  · Tarik Muharemović … 0 foto(s)
  · Sead Kolašinac … 0 foto(s)
  · Amar Dedić … 0 foto(s)
  · Nikola Katić … 0 foto(s)
  · Stjepan Radeljić … 0 foto(s)
  · Nidal Čelik … 0 foto(s)
  · Benjamin Tahirović … 0 foto(s)
  · Armin Gigović … 0 foto(s)
  · Ivan Bašić … 0 foto(s)
  · Ivan Šunjić … 0 foto(s)
  · Amar Memić … 0 foto(s)
  · Amir Hadžiahmetović … 0 foto(s)
  · Dženis Burnić … 0 foto(s)
  · Ermin Mahmić … 0 foto(s)
  · Samed Baždar … 0 foto(s)
  · Ermedin Demirović … 0 foto(s)
  · Edin Džeko … 0 foto(s)
  · Kerim Alajbegović … 0 foto(s)
  · Esmir Bajraktarević … 0 foto(s)
  · Haris Tabaković … 0 foto(s)
  · Jovo Lukić … 0 foto(s)
  ✓ escrito data\teams\bosnia.json

[brasil]
  · Alisson Becker … 0 foto(s)
  · Weverton … 1 foto(s)
  · Ederson Moraes … 0 foto(s)
  · Wesley … 3 foto(s)
  · Gabriel Magalhães … 0 foto(s)
  · Marcos Aoás Corrêa … 0 foto(s)
  · Alex Sandro … 0 foto(s)
  · Danilo Luiz da Silva … 0 foto(s)
  · Gleison Bremer … 0 foto(s)
  · Léo Pereira … 0 foto(s)
  · Douglas Santos … 0 foto(s)
  · Roger Ibáñez … 0 foto(s)
  · Carlos Henrique Casimiro … 0 foto(s)
  · Bruno Guimarães … 0 foto(s)
  · Fábio Tavares … 0 foto(s)
  · Danilo S. … 3 foto(s)
  · Lucas Paquetá … 0 foto(s)
  · Vinícius José Paixão de Oliveira Júnior … 1 foto(s)
  · Matheus Cunha … 1 foto(s)
  · Neymar da Silva Santos Júnior … 0 foto(s)
  · Raphael Dias Belloli … 0 foto(s)
  · Endrick Felipe … 0 foto(s)
  · Luiz Henrique … 0 foto(s)
  · Gabriel Martinelli … 0 foto(s)
  · Igor Thiago … 0 foto(s)
  · Rayan … 1 foto(s)
  ✓ escrito data\teams\brasil.json

[cabo-verde]
  · Vozinha … 0 foto(s)
  · Márcio da Rosa … 0 foto(s)
  · Carlos Santos … 0 foto(s)
  · Stopira … 0 foto(s)
  · Diney Borges … 0 foto(s)
  · Roberto 'Pico' Lopes … 0 foto(s)
  · Logan Costa … 0 foto(s)
  · Sidny Cabral 'Diawisa' Tavares … 0 foto(s)
  · Steven Moreira … 0 foto(s)
  · Wagner Pina … 0 foto(s)
  · Kelvin Pires … 0 foto(s)
  · Kevin Pina … 0 foto(s)
  · Jovane Cabral … 0 foto(s)
  · João Paulo Fernandes … 0 foto(s)
  · Jamiro Monteiro … 0 foto(s)
  · Garry Rodrigues … 0 foto(s)
  · Deroy Duarte … 0 foto(s)
  · Laros Duarte … 0 foto(s)
  · Yannick Semedo … 0 foto(s)
  · Willy Semedo … 0 foto(s)
  · Telmo Arcanjo … 0 foto(s)
  · Nuno da Costa … 0 foto(s)
  · Hélio Varela … 0 foto(s)
  · Gilson Benchimol … 0 foto(s)
  · Dailon Livramento … 0 foto(s)
  · Ryan Mendes … 0 foto(s)
  ✓ escrito data\teams\cabo-verde.json

[canada]
  · Dayne St. Clair … 4 foto(s)
  · Maxime Crépeau … 1 foto(s)
  · Owen Goodman … 0 foto(s)
  · Alistair Johnston … 0 foto(s)
  · Alfie Jones … 0 foto(s)
  · Luc de Fougerolles … 0 foto(s)
  · Joel Waterman … 0 foto(s)
  · Derek Cornelius … 0 foto(s)
  · Moïse Bombito … 0 foto(s)
  · Alphonso Davies … 1 foto(s)
  · Richie Laryea … 0 foto(s)
  · Niko Sigur … 0 foto(s)
  · Mathieu Choinière … 0 foto(s)
  · Stephen Eustáquio … 2 foto(s)
  · Ismaël Koné … 1 foto(s)
  · Liam Millar … 0 foto(s)
  · Jacob Shaffelburg … 0 foto(s)
  · Jonathan Osorio … 1 foto(s)
  · Nathan Saliba … 0 foto(s)
  · Marcelo Flores … 0 foto(s)
  · Cyle Larin … 1 foto(s)
  · Jonathan David … 1 foto(s)
  · Tani Oluwaseyi … 0 foto(s)
  · Tajon Buchanan … 0 foto(s)
  · Ali Ahmed … 0 foto(s)
  · Promise David … 0 foto(s)
  ✓ escrito data\teams\canada.json

[colombia]
  · David Ospina … 0 foto(s)
  · Camilo Vargas … 0 foto(s)
  · Álvaro Montero … 0 foto(s)
  · Daniel Muñoz … 0 foto(s)
  · Jhon Lucumí … 0 foto(s)
  · Santiago Arias … 0 foto(s)
  · Yerry Mina … 0 foto(s)
  · Gustavo Puerta … 0 foto(s)
  · Johan Mojica … 0 foto(s)
  · Willer Ditta … 0 foto(s)
  · Déiver Machado … 0 foto(s)
  · Dávinson Sánchez … 0 foto(s)
  · Kevin Castaño … 0 foto(s)
  · Richard Ríos … 0 foto(s)
  · Jorge Carrascal … 0 foto(s)
  · James David Rodríguez … 0 foto(s)
  · Jhon Arias … 0 foto(s)
  · Juan Camilo Portilla … 0 foto(s)
  · Jefferson Lerma … 0 foto(s)
  · Juan Fernando Quintero … 0 foto(s)
  · Luis Fernando Díaz … 0 foto(s)
  · Jhon Córdoba … 0 foto(s)
  · Juan Camilo "Cucho" Hernández … 0 foto(s)
  · Leandro Campaz … 0 foto(s)
  · Luis Javier Suárez … 1 foto(s)
  · Andrés Gómez … 0 foto(s)
  ✓ escrito data\teams\colombia.json

[corea-del-sur]
  · Kim Seung-gyu … 0 foto(s)
  · Song Bum-keun … 0 foto(s)
  · Jo Hyeon-woo … 0 foto(s)
  · Lee Han-Beom … 0 foto(s)
  · Kim Min-jae … 1 foto(s)
  · Taehyeon Kim … 0 foto(s)
  · Lee Tae-seok … 0 foto(s)
  · Wije Cho … 0 foto(s)
  · Kim Moon-hwan … 0 foto(s)
  · Park Jin-Seob … 0 foto(s)
  · Seol Young-Woo … 0 foto(s)
  · Jens Castrop … 0 foto(s)
  · Gihyuk Lee … 0 foto(s)
  · Hwang In-beom … 2 foto(s)
  · Paik Seung-Ho … 0 foto(s)
  · Lee Jae-sung … 1 foto(s)
  · Hwang Hee-chan … 0 foto(s)
  · Bae Jun-ho … 0 foto(s)
  · Lee Kang-in … 0 foto(s)
  · Yang Hyun-jun … 0 foto(s)
  · Kim Jin-Gyu … 0 foto(s)
  · Eom Ji-Sung … 0 foto(s)
  · Lee Dong-gyeong … 0 foto(s)
  · Son Heung-min … 1 foto(s)
  · Cho Gue-sung … 0 foto(s)
  · Oh Hyeon-gyu … 0 foto(s)
  ✓ escrito data\teams\corea-del-sur.json

[costa-de-marfil]
  · Yahia Fofana … 0 foto(s)
  · Mohamed Koné … 0 foto(s)
  · Alban Lafont … 0 foto(s)
  · Ousmane Diomande … 0 foto(s)
  · Ghislain Konan … 0 foto(s)
  · Wilfried Singo … 0 foto(s)
  · Odilon Kossounou … 0 foto(s)
  · Christopher Operi … 0 foto(s)
  · Guéla Doué … 0 foto(s)
  · Emmanuel Agbadou … 0 foto(s)
  · Evan N'Dicka … 0 foto(s)
  · Jean Michaël Seri … 0 foto(s)
  · Seko Fofana … 0 foto(s)
  · Franck Kessié … 0 foto(s)
  · Ali Badra Sangaré … 0 foto(s)
  · Parfait Guiagon … 0 foto(s)
  · Christiano Oulaï … 0 foto(s)
  · Ange-Yoan Bonny … 0 foto(s)
  · Simon Adingra … 0 foto(s)
  · Yan Diomande … 0 foto(s)
  · Elye Wahi … 0 foto(s)
  · Oumar Diakité … 0 foto(s)
  · Amad Diallo … 0 foto(s)
  · Nicolas Pépé … 0 foto(s)
  · Evann Guessand … 0 foto(s)
  · Bazoumana Touré … 0 foto(s)
  ✓ escrito data\teams\costa-de-marfil.json

[croacia]
  · Dominik Livaković … 1 foto(s)
  · Ivor Pandur … 0 foto(s)
  · Dominik Kotarski … 0 foto(s)
  · Josip Stanišić … 0 foto(s)
  · Marin Pongračić … 0 foto(s)
  · Joško Gvardiol … 1 foto(s)
  · Duje Ćaleta-Car … 2 foto(s)
  · Josip Šutalo … 0 foto(s)
  · Kristijan Jakić … 0 foto(s)
  · Luka Vušković … 0 foto(s)
  · Martin Erlić … 0 foto(s)
  · Nikola Moro … 0 foto(s)
  · Mateo Kovačić … 2 foto(s)
  · Luka Modrić … 6 foto(s)
  · Nikola Vlašić … 0 foto(s)
  · Mario Pašalić … 0 foto(s)
  · Martin Baturina … 0 foto(s)
  · Petar Sučić … 0 foto(s)
  · Toni Fruk … 0 foto(s)
  · Luka Sučić … 0 foto(s)
  · Andrej Kramarić … 0 foto(s)
  · Ante Budimir … 0 foto(s)
  · Ivan Perišić … 1 foto(s)
  · Igor Matanović … 0 foto(s)
  · Marco Pašalić … 0 foto(s)
  · Petar Musa … 0 foto(s)
  ✓ escrito data\teams\croacia.json

[curazao]
  · Eloy Room … 0 foto(s)
  · Tyrick Bodak … 0 foto(s)
  · Trevor Doornbusch … 0 foto(s)
  · Shurandy Sambo … 0 foto(s)
  · Juriën Gaari … 0 foto(s)
  · Roshon van Eijma … 0 foto(s)
  · Sherel Floranus … 0 foto(s)
  · Armando Obispo … 0 foto(s)
  · Joshua Brenet … 0 foto(s)
  · Riechedly Bazoer … 0 foto(s)
  · Deveron Fonville … 0 foto(s)
  · Godfried Roemeratoe … 0 foto(s)
  · Juninho Bacuna … 0 foto(s)
  · Livano Comenencia … 0 foto(s)
  · Leandro Bacuna … 0 foto(s)
  · Arjany Martha … 0 foto(s)
  · Tahith Chong … 0 foto(s)
  · Kevin Felida … 0 foto(s)
  · Jürgen Locadia … 0 foto(s)
  · Jeremy Antonisse … 0 foto(s)
  · Sontje Hansen … 0 foto(s)
  · Tyrese Noslin … 0 foto(s)
  · Kenji Gorré … 0 foto(s)
  · Jearl Margaritha … 0 foto(s)
  · Brandley Kuwas … 0 foto(s)
  · Gervane Kastaneer … 0 foto(s)
  ✓ escrito data\teams\curazao.json

[ecuador]
  · Hernán Galíndez … 1 foto(s)
  · Moisés Ramírez … 0 foto(s)
  · Gonzalo Valle … 0 foto(s)
  · Félix Torres … 0 foto(s)
  · Piero Hincapié … 0 foto(s)
  · Joel Ordóñez … 0 foto(s)
  · William Pacho … 0 foto(s)
  · Pervis Estupiñán … 0 foto(s)
  · Ángelo Preciado … 0 foto(s)
  · Jackson Porozo … 0 foto(s)
  · Yaimar Medina … 0 foto(s)
  · Jordy Alcívar … 0 foto(s)
  · Anthony Valencia … 0 foto(s)
  · Kendry Páez … 0 foto(s)
  · Alan Minda … 0 foto(s)
  · Pedro Vite … 0 foto(s)
  · Denil Castillo … 0 foto(s)
  · Alan Franco … 0 foto(s)
  · Moisés Caicedo … 0 foto(s)
  · John Yeboah … 0 foto(s)
  · Kevin Rodríguez … 0 foto(s)
  · Enner Valencia … 2 foto(s)
  · Jordy Caicedo … 0 foto(s)
  · Gonzalo Plata … 0 foto(s)
  · Nilson Angulo … 0 foto(s)
  · Jeremy Arévalo … 0 foto(s)
  ✓ escrito data\teams\ecuador.json

[egipto]
  · Mohamed Elshenawy … 0 foto(s)
  · El Mahdy Soliman … 0 foto(s)
  · Mostafa Shoubir … 0 foto(s)
  · Mohamed Alaa … 0 foto(s)
  · Yasser Ibrahim … 0 foto(s)
  · Mohamed Hany … 1 foto(s)
  · Hossam Abdelmaguid … 0 foto(s)
  · Rami Rabia … 0 foto(s)
  · Mohamed Abdelmoneim … 0 foto(s)
  · Ahmed Fatouh … 0 foto(s)
  · Karim Hafez … 0 foto(s)
  · Tarek Alaa … 0 foto(s)
  · Hossam Hassan … 0 foto(s)
  · Mostafa Zico … 0 foto(s)
  · Hamdy Fathy … 0 foto(s)
  · Mohanad Lashin … 0 foto(s)
  · Nabil Donga … 0 foto(s)
  · Marwan Attia … 0 foto(s)
  · Mahmoud Saber … 0 foto(s)
  · Mahmoud 'Trezeguet' Hassan … 0 foto(s)
  · Hamza Abdel Karim … 0 foto(s)
  · Mohamed Salah … 0 foto(s)
  · Haitham Hassan … 0 foto(s)
  · Ibrahim Adel … 0 foto(s)
  · Omar Marmoush … 0 foto(s)
  · Mahmoud Hamdy … 0 foto(s)
  ✓ escrito data\teams\egipto.json

[escocia]
  · Angus Gunn … 0 foto(s)
  · Liam Kelly … 0 foto(s)
  · Craig Gordon … 2 foto(s)
  · Aaron Hickey … 0 foto(s)
  · Andrew Robertson … 1 foto(s)
  · Grant Hanley … 0 foto(s)
  · Kieran Tierney … 0 foto(s)
  · Jack Hendry … 0 foto(s)
  · John Souttar … 0 foto(s)
  · Dom Hyam … 0 foto(s)
  · Nathan Patterson … 0 foto(s)
  · Anthony Ralston … 0 foto(s)
  · Scott McKenna … 0 foto(s)
  · Scott McTominay … 0 foto(s)
  · John McGinn … 1 foto(s)
  · Tyler Fletcher … 0 foto(s)
  · Ryan Christie … 0 foto(s)
  · Lewis Ferguson … 0 foto(s)
  · Kenny McLean … 0 foto(s)
  · Lyndon Dykes … 0 foto(s)
  · Che Adams … 0 foto(s)
  · Ross Stewart … 0 foto(s)
  · Ben Doak … 0 foto(s)
  · George Hirst … 0 foto(s)
  · Lawrence Shankland … 0 foto(s)
  · Findlay Curtis … 1 foto(s)
  ✓ escrito data\teams\escocia.json

[espana]
  · David Raya … 0 foto(s)
  · Joan García … 0 foto(s)
  · Unai Simón … 0 foto(s)
  · Marc Pubill … 0 foto(s)
  · Alejandro Grimaldo … 1 foto(s)
  · Eric García … 0 foto(s)
  · Marcos Llorente … 0 foto(s)
  · Pedro Porro … 0 foto(s)
  · Aymeric Laporte … 0 foto(s)
  · Pau Cubarsí … 1 foto(s)
  · Marc Cucurella … 0 foto(s)
  · Mikel Merino … 1 foto(s)
  · Fabián Ruiz … 6 foto(s)
  · Gavi … 0 foto(s)
  · Álex Baena … 0 foto(s)
  · Rodri Hernández … 0 foto(s)
  · Martín Zubimendi … 0 foto(s)
  · Pedro González López … 0 foto(s)
  · Ferran Torres … 0 foto(s)
  · Dani Olmo … 0 foto(s)
  · Yeremy Pino … 0 foto(s)
  · Nicholas Williams … 0 foto(s)
  · Lamine Yamal … 2 foto(s)
  · Mikel Oyarzabal … 4 foto(s)
  · Víctor Muñoz … 0 foto(s)
  · Borja Iglesias … 0 foto(s)
  ✓ escrito data\teams\espana.json

[estados-unidos]
  · Matt Turner … 4 foto(s)
  · Matt Freese … 2 foto(s)
  · Chris Brady … 0 foto(s)
  · Sergiño Dest … 0 foto(s)
  · Chris Richards … 4 foto(s)
  · Antonee Robinson … 2 foto(s)
  · Auston Trusty … 0 foto(s)
  · Miles Robinson … 0 foto(s)
  · Tim Ream … 1 foto(s)
  · Alex Freeman … 3 foto(s)
  · Max Arfsten … 0 foto(s)
  · Mark McKenzie … 0 foto(s)
  · Joe Scally … 0 foto(s)
  · Tyler Adams … 2 foto(s)
  · Giovanni Reyna … 0 foto(s)
  · Weston McKennie … 0 foto(s)
  · Sebastian Berhalter … 3 foto(s)
  · Cristian Roldán … 1 foto(s)
  · Malik Tillman … 3 foto(s)
  · Ricardo Pepi … 0 foto(s)
  · Christian Pulisic … 1 foto(s)
  · Brenden Aaronson … 0 foto(s)
  · Haji Wright … 0 foto(s)
  · Folarin Balogun … 0 foto(s)
  · Timothy Weah … 0 foto(s)
  · Alex Zendejas … 0 foto(s)
  ✓ escrito data\teams\estados-unidos.json

[francia]
  · Brice Samba … 0 foto(s)
  · Mike Maignan … 0 foto(s)
  · Robin Risser … 0 foto(s)
  · Malo Gusto … 0 foto(s)
  · Lucas Digne … 1 foto(s)
  · Dayot Upamecano … 0 foto(s)
  · Jules Koundé … 0 foto(s)
  · Ibrahima Konaté … 1 foto(s)
  · William Saliba … 0 foto(s)
  · Theo Hernández … 0 foto(s)
  · Lucas Hernández … 0 foto(s)
  · Maxence Lacroix … 0 foto(s)
  · Manu Koné … 0 foto(s)
  · Aurélien Tchouaméni … 0 foto(s)
  · N'Golo Kanté … 1 foto(s)
  · Adrien Rabiot … 0 foto(s)
  · Warren Zaïre-Emery … 0 foto(s)
  · Rayan Cherki … 0 foto(s)
  · Maghnes Akliouche … 0 foto(s)
  · Ousmane Dembélé … 1 foto(s)
  · Marcus Thuram … 0 foto(s)
  · Kylian Mbappé … 2 foto(s)
  · Michael Olise … 0 foto(s)
  · Bradley Barcola … 0 foto(s)
  · Désiré Doué … 0 foto(s)
  · Jean-Philippe Mateta … 0 foto(s)
  ✓ escrito data\teams\francia.json

[ghana]
  · Lawrence Ati-Zigi … 0 foto(s)
  · Joseph Anang … 0 foto(s)
  · Benjamin Asare … 0 foto(s)
  · Alidu Seidu … 0 foto(s)
  · Jonas Adjetey … 0 foto(s)
  · Abdul Mumin … 0 foto(s)
  · Gideon Mensah … 0 foto(s)
  · Baba Rahman … 1 foto(s)
  · Jerome Opoku … 0 foto(s)
  · Kojo Oppong … 0 foto(s)
  · Derrick Luckassen … 0 foto(s)
  · Marvin Senaya … 0 foto(s)
  · Caleb Yirenkyi … 0 foto(s)
  · Thomas Partey … 0 foto(s)
  · Kwasi Sibo … 0 foto(s)
  · Antoine Semenyo … 0 foto(s)
  · Elisha Owusu … 0 foto(s)
  · Augustine Boakye … 0 foto(s)
  · Fatawu Issahaku … 0 foto(s)
  · Jordan Ayew … 1 foto(s)
  · Brandon Thomas-Asante … 0 foto(s)
  · Christopher Baah … 0 foto(s)
  · Iñaki Williams … 0 foto(s)
  · Kamaldeen Sulemana … 0 foto(s)
  · Ernest Nuamah … 0 foto(s)
  · Prince Adu … 0 foto(s)
  ✓ escrito data\teams\ghana.json

[haiti]
  · Johny Placide … 0 foto(s)
  · Alex Pierre … 0 foto(s)
  · Josué Duverger … 0 foto(s)
  · Carlens Arcus … 0 foto(s)
  · Keeto Thermoncy … 0 foto(s)
  · Ricardo Adé … 0 foto(s)
  · Hannes Delcroix … 0 foto(s)
  · Martin Expérience … 0 foto(s)
  · Markhus Lacroix … 0 foto(s)
  · Jean-Kévin Duverne … 0 foto(s)
  · Wilguens Paugain … 0 foto(s)
  · Carl Sainte … 0 foto(s)
  · Jean-Ricner Bellegarde … 0 foto(s)
  · Leverton Pierre … 0 foto(s)
  · Jean-Jacques Danley … 0 foto(s)
  · Dominique Simon … 0 foto(s)
  · Woodensky Pierre … 0 foto(s)
  · Derrick Etienne … 0 foto(s)
  · Duckens Nazon … 0 foto(s)
  · Louicius Deedson … 0 foto(s)
  · Rubén Providence … 0 foto(s)
  · Lenny Joseph … 0 foto(s)
  · Wilson Isidor … 0 foto(s)
  · Yassin Fortune … 0 foto(s)
  · Frantzdy Pierrot … 0 foto(s)
  ✓ escrito data\teams\haiti.json

[inglaterra]
  · Jordan Pickford … 1 foto(s)
  · Dean Henderson … 0 foto(s)
  · James Trafford … 0 foto(s)
  · Ezri Konsa … 0 foto(s)
  · Nico O'Reilly … 0 foto(s)
  · John Stones … 2 foto(s)
  · Marc Guéhi … 0 foto(s)
  · Tino Livramento … 0 foto(s)
  · Dan Burn … 0 foto(s)
  · Reece James … 2 foto(s)
  · Djed Spence … 0 foto(s)
  · Jarell Quansah … 0 foto(s)
  · Declan Rice … 0 foto(s)
  · Elliot Anderson … 0 foto(s)
  · Jude Bellingham … 1 foto(s)
  · Jordan Henderson … 0 foto(s)
  · Kobbie Mainoo … 0 foto(s)
  · Morgan Rogers … 0 foto(s)
  · Eberechi Eze … 0 foto(s)
  · Bukayo Saka … 0 foto(s)
  · Harry Kane … 3 foto(s)
  · Marcus Rashford … 0 foto(s)
  · Anthony Gordon … 1 foto(s)
  · Ollie Watkins … 0 foto(s)
  · Noni Madueke … 0 foto(s)
  · Ivan Toney … 0 foto(s)
  ✓ escrito data\teams\inglaterra.json

[irak]
  · Fahad Talib … 0 foto(s)
  · Jalal Hassan … 0 foto(s)
  · Ahmed Basil Hamada … 0 foto(s)
  · Rebin Ghareeb … 0 foto(s)
  · Hussein Ali … 1 foto(s)
  · Zaid Tahseen … 0 foto(s)
  · Akam Hashim … 0 foto(s)
  · Munaf Younus … 0 foto(s)
  · Ahmed Yahya … 0 foto(s)
  · Merchas Doski … 0 foto(s)
  · Mustafa Saadoon … 0 foto(s)
  · Frans Putros … 0 foto(s)
  · Youssef Amyn … 0 foto(s)
  · Ibrahim Bayesh … 0 foto(s)
  · Zidane Iqbal … 0 foto(s)
  · Amir Al-Ammari … 0 foto(s)
  · Kevin Yakob … 0 foto(s)
  · Aimar Sher … 0 foto(s)
  · Zaid Ismael … 0 foto(s)
  · Ali Al-Hamadi … 0 foto(s)
  · Mohanad Ali … 0 foto(s)
  · Ahmed Qasim … 0 foto(s)
  · Ali Yousif … 0 foto(s)
  · Ali Jasim … 1 foto(s)
  · Aymen Hussein … 0 foto(s)
  · Marko Farji … 0 foto(s)
  ✓ escrito data\teams\irak.json

[iran]
  · Alireza Beiranvand … 6 foto(s)
  · Payam Niazmand … 0 foto(s)
  · Majid Hosseini … 3 foto(s)
  · Saleh Hardani … 0 foto(s)
  · Ehsan Hajisafi … 0 foto(s)
  · Shojae Khalilzadeh … 0 foto(s)
  · Milad Mohammadi … 2 foto(s)
  · Hossein Kanani … 0 foto(s)
  · Arya Yousefi … 0 foto(s)
  · Ali Nemati … 0 foto(s)
  · Ramin Rezaeian … 6 foto(s)
  · Danial Iri … 0 foto(s)
  · Saeid Ezatolahi … 1 foto(s)
  · Alireza Jahanbakhsh … 6 foto(s)
  · Mohammad Mohebbi … 0 foto(s)
  · Saman Ghoddos … 4 foto(s)
  · Roozbeh Cheshmi … 0 foto(s)
  · Mehdi Torabi … 1 foto(s)
  · Mohammad Ghorbani … 0 foto(s)
  · Amirmohammad Razaghinia … 0 foto(s)
  · Mehdi Taremi … 6 foto(s)
  · Mehdi Ghayedi … 0 foto(s)
  · Ali Alipour … 3 foto(s)
  · Amirhossein Hosseinzadeh … 0 foto(s)
  · Shahriyar Moghanloo … 0 foto(s)
  · Dennis Dargahi … 0 foto(s)
  ✓ escrito data\teams\iran.json

[japon]
  · Zion Suzuki … 0 foto(s)
  · Keisuke Osako … 0 foto(s)
  · Tomoki Hayakawa … 0 foto(s)
  · Yukinari Sugawara … 0 foto(s)
  · Shogo Taniguchi … 0 foto(s)
  · Ko Itakura … 0 foto(s)
  · Yuto Nagatomo … 1 foto(s)
  · Tsuyoshi Watanabe … 0 foto(s)
  · Ayumu Seko … 1 foto(s)
  · Hiroki Ito … 0 foto(s)
  · Takehiro Tomiyasu … 0 foto(s)
  · Junnosuke Suzuki … 0 foto(s)
  · Wataru Endo … 3 foto(s)
  · Ao Tanaka … 0 foto(s)
  · Takefusa Kubo … 0 foto(s)
  · Ritsu Doan … 0 foto(s)
  · Daizen Maeda … 0 foto(s)
  · Kota Nakamura … 0 foto(s)
  · Junya Ito … 0 foto(s)
  · Daichi Kamada … 1 foto(s)
  · Yuito Suzuki … 0 foto(s)
  · Kaishu Sano … 0 foto(s)
  · Keisuke Goto … 0 foto(s)
  · Ayase Ueda … 0 foto(s)
  · Koki Ogawa … 0 foto(s)
  · Kento Shiogai … 0 foto(s)
  ✓ escrito data\teams\japon.json

[jordania]
  · Yazeed Abulaila … 0 foto(s)
  · Nour Baniateyah … 0 foto(s)
  · Abdallah Al-Fakhori … 0 foto(s)
  · Mohammad Abu Hasheesh … 0 foto(s)
  · Abdallah Nasib … 0 foto(s)
  · Husam Abu Dahab … 0 foto(s)
  · Yazan Al-Arab … 0 foto(s)
  · Mohammad Abualnadi … 0 foto(s)
  · Saleem Obaid … 0 foto(s)
  · Saed Al-Rosan … 0 foto(s)
  · Ehsan Haddad … 0 foto(s)
  · Anas Badawi … 0 foto(s)
  · Amer Jamous … 0 foto(s)
  · Noor Al-Rawabdeh … 0 foto(s)
  · Rajae Ayed … 0 foto(s)
  · Ibrahim Sadeh … 0 foto(s)
  · Mohannad Abu Taha … 0 foto(s)
  · Nizar Al-Rashdan … 0 foto(s)
  · Mohammad Al-Daoud … 0 foto(s)
  · Mohammad Abu Zraiq … 0 foto(s)
  · Ali Olwan … 0 foto(s)
  · Mousa Al-Tamari … 0 foto(s)
  · Odeh Fakhoury … 0 foto(s)
  · Mahmoud Al-Mardi … 0 foto(s)
  · Ibrahim Sabra … 0 foto(s)
  · Ali Azaizeh … 0 foto(s)
  ✓ escrito data\teams\jordania.json

[marruecos]
  · Yassine Bounou … 0 foto(s)
  · Munir Mohamedi … 0 foto(s)
  · Ahmed Reda Tagnaouti … 0 foto(s)
  · Achraf Hakimi … 3 foto(s)
  · Noussair Mazraoui … 0 foto(s)
  · Nayef Aguerd … 0 foto(s)
  · Zakaria El Ouahdi … 0 foto(s)
  · Issa Diop … 2 foto(s)
  · Chadi Riad … 0 foto(s)
  · Youssef Belammari … 2 foto(s)
  · Redouane Halhal … 0 foto(s)
  · Anass Salah-Eddine … 0 foto(s)
  · Sofyan Amrabat … 1 foto(s)
  · Ayyoub Bouaddi … 0 foto(s)
  · Chemsdine Talbi … 4 foto(s)
  · Azzedine Ounahi … 2 foto(s)
  · Ismail Saibari … 0 foto(s)
  · Samir El Mourabet … 1 foto(s)
  · Gessime Yassine … 1 foto(s)
  · Bilal El Khannouss … 2 foto(s)
  · Neil El Aynaoui … 0 foto(s)
  · Soufiane Rahimi … 0 foto(s)
  · Brahim Díaz … 0 foto(s)
  · Abde Ezzalzouli … 0 foto(s)
  · Ayoub El Kaabi … 0 foto(s)
  · Ayoub Amaimouni … 0 foto(s)
  ✓ escrito data\teams\marruecos.json

[mexico]
  · Raúl Rangel … 0 foto(s)
  · Carlos Acevedo … 0 foto(s)
  · Guillermo Ochoa … 1 foto(s)
  · Jorge Sánchez … 0 foto(s)
  · César Montes … 0 foto(s)
  · Edson Álvarez … 1 foto(s)
  · Johan Vásquez … 0 foto(s)
  · Israel Reyes … 0 foto(s)
  · Mateo Chávez … 1 foto(s)
  · Jesús Gallardo … 2 foto(s)
  · Erik Lira … 0 foto(s)
  · Luis Romo … 0 foto(s)
  · Álvaro Fidalgo … 0 foto(s)
  · Orbelín Pineda … 0 foto(s)
  · Obed Vargas … 0 foto(s)
  · Gilberto Mora … 0 foto(s)
  · Luis Chávez … 0 foto(s)
  · Brian Gutiérrez … 0 foto(s)
  · Raúl Alonso Jiménez … 0 foto(s)
  · Alexis Vega … 2 foto(s)
  · Santiago Giménez … 0 foto(s)
  · Armando González … 0 foto(s)
  · Julián Quiñones … 0 foto(s)
  · César Huerta … 0 foto(s)
  · Guillermo Martínez … 0 foto(s)
  · Roberto Alvarado … 0 foto(s)
  ✓ escrito data\teams\mexico.json

[noruega]
  · Ørjan Nyland … 0 foto(s)
  · Sander Tangvik … 0 foto(s)
  · Egil Selvik … 0 foto(s)
  · Kristoffer Ajer … 0 foto(s)
  · Leo Østigård … 0 foto(s)
  · David Møller Wolfe … 0 foto(s)
  · Fredrik Bjørkan … 0 foto(s)
  · Marcus Pedersen … 4 foto(s)
  · Torbjørn Heggem … 0 foto(s)
  · Sondre Langås … 0 foto(s)
  · Henrik Falchener … 0 foto(s)
  · Morten Thorsby … 0 foto(s)
  · Patrick Berg … 1 foto(s)
  · Sander Berge … 0 foto(s)
  · Martin Ødegaard … 0 foto(s)
  · Fredrik Aursnes … 0 foto(s)
  · Kristian Thorstvedt … 0 foto(s)
  · Thelo Aasgaard … 0 foto(s)
  · Andreas Schjelderup … 0 foto(s)
  · Oscar Bobb … 0 foto(s)
  · Jens Petter Hauge … 0 foto(s)
  · Alexander Sørloth … 0 foto(s)
  · Erling Haaland … 1 foto(s)
  · Jørgen Strand Larsen … 0 foto(s)
  · Antonio Nusa … 0 foto(s)
  · Julian Ryerson … 0 foto(s)
  ✓ escrito data\teams\noruega.json

[nueva-zelanda]
  · Max Crocombe … 0 foto(s)
  · Alex Paulsen … 0 foto(s)
  · Michael Woud … 0 foto(s)
  · Tim Payne … 0 foto(s)
  · Francis de Vries … 0 foto(s)
  · Tyler Bindon … 0 foto(s)
  · Michael Boxall … 1 foto(s)
  · Liberato Cacace … 0 foto(s)
  · Nando Pijnaker … 0 foto(s)
  · Finn Surman … 0 foto(s)
  · Callan Elliot … 0 foto(s)
  · Tommy Smith … 0 foto(s)
  · Joe Bell … 0 foto(s)
  · Matthew Garbett … 0 foto(s)
  · Marko Stamenic … 0 foto(s)
  · Sarpreet Singh … 0 foto(s)
  · Elijah Just … 0 foto(s)
  · Alex Rufer … 0 foto(s)
  · Ben Old … 0 foto(s)
  · Callum McCowatt … 1 foto(s)
  · Ryan Thomas … 0 foto(s)
  · Lachlan Bayliss … 0 foto(s)
  · Chris Wood … 1 foto(s)
  · Kosta Barbarouses … 0 foto(s)
  · Ben Waine … 0 foto(s)
  · Jesse Randall … 0 foto(s)
  ✓ escrito data\teams\nueva-zelanda.json

[paises-bajos]
  · Bart Verbruggen … 1 foto(s)
  · Robin Roefs … 0 foto(s)
  · Mark Flekken … 0 foto(s)
  · Jurriën Timber … 0 foto(s)
  · Virgil van Dijk … 1 foto(s)
  · Nathan Aké … 0 foto(s)
  · Jan-Paul van Hecke … 0 foto(s)
  · Mats Wieffer … 0 foto(s)
  · Micky van de Ven … 0 foto(s)
  · Denzel Dumfries … 0 foto(s)
  · Jorrel Hato … 0 foto(s)
  · Marten de Roon … 0 foto(s)
  · Justin Kluivert … 0 foto(s)
  · Ryan Gravenberch … 0 foto(s)
  · Tijjani Reijnders … 0 foto(s)
  · Guus Til … 0 foto(s)
  · Teun Koopmeiners … 0 foto(s)
  · Frenkie de Jong … 0 foto(s)
  · Quinten Timber … 0 foto(s)
  · Wout Weghorst … 0 foto(s)
  · Memphis Depay … 0 foto(s)
  · Cody Gakpo … 0 foto(s)
  · Noa Lang … 0 foto(s)
  · Donyell Malen … 0 foto(s)
  · Brian Brobbey … 0 foto(s)
  · Crysencio Summerville … 0 foto(s)
  ✓ escrito data\teams\paises-bajos.json

[panama]
  · Luis Mejía … 0 foto(s)
  · César Samudio … 0 foto(s)
  · Orlando Mosquera … 0 foto(s)
  · César Blackman … 0 foto(s)
  · José Córdoba … 0 foto(s)
  · Fidel Escobar … 0 foto(s)
  · Edgardo Farina … 0 foto(s)
  · Jiovany Ramos … 0 foto(s)
  · Carlos Harvey … 0 foto(s)
  · Eric Davis … 0 foto(s)
  · Andrés Andrade … 1 foto(s)
  · Michael Amir Murillo … 0 foto(s)
  · Roderick Miller … 0 foto(s)
  · Jorge Gutiérrez … 0 foto(s)
  · Cristian Martínez … 1 foto(s)
  · José Luis Rodríguez … 0 foto(s)
  · Adalberto Carrasquilla … 0 foto(s)
  · Ismael Díaz … 0 foto(s)
  · Édgar Bárcenas … 0 foto(s)
  · Alberto Quintero … 0 foto(s)
  · Aníbal Godoy … 0 foto(s)
  · César Yanis … 0 foto(s)
  · Tomás Rodríguez … 0 foto(s)
  · José Fajardo … 0 foto(s)
  · Cecilio Waterman … 0 foto(s)
  · Azarías Londoño … 0 foto(s)
  ✓ escrito data\teams\panama.json

[paraguay]
  · Roberto Junior Fernández … 0 foto(s)
  · Orlando Gill … 0 foto(s)
  · Gastón Olveira … 0 foto(s)
  · Gustavo Velázquez … 0 foto(s)
  · Omar Alderete … 0 foto(s)
  · Juan Cáceres … 0 foto(s)
  · Fabián Balbuena … 0 foto(s)
  · Junior Alonso … 0 foto(s)
  · José Canale … 0 foto(s)
  · Gustavo Gómez … 0 foto(s)
  · Alexandro Maidana … 0 foto(s)
  · Ramón Sosa … 0 foto(s)
  · Diego Gómez … 0 foto(s)
  · Miguel Almirón … 0 foto(s)
  · Mauricio … 0 foto(s)
  · Andrés Cubas … 0 foto(s)
  · Damián Bobadilla … 0 foto(s)
  · Braian Ojeda … 0 foto(s)
  · Matías Galarza Fonda … 0 foto(s)
  · Gustavo Caballero … 0 foto(s)
  · Antonio Sanabria … 0 foto(s)
  · Alejandro Romero Gamarra … 0 foto(s)
  · Alex Arce … 0 foto(s)
  · Julio Enciso … 0 foto(s)
  · Gabriel Ávalos … 0 foto(s)
  · Isidro Pitta … 0 foto(s)
  ✓ escrito data\teams\paraguay.json

[portugal]
  · Diogo Costa … 1 foto(s)
  · José Sá … 6 foto(s)
  · Rui Silva … 6 foto(s)
  · Nélson Semedo … 0 foto(s)
  · Rúben Dias … 2 foto(s)
  · Tomás Araújo … 3 foto(s)
  · Diogo Dalot … 4 foto(s)
  · Renato Veiga … 3 foto(s)
  · Gonçalo Inácio … 4 foto(s)
  · João Cancelo … 1 foto(s)
  · Samuel Costa … 0 foto(s)
  · Nuno Mendes … 4 foto(s)
  · Matheus Nunes … 2 foto(s)
  · Bruno Fernandes … 6 foto(s)
  · Bernardo Silva … 0 foto(s)
  · João Neves … 4 foto(s)
  · Rúben Neves … 2 foto(s)
  · Vítor Ferreira … 0 foto(s)
  · Cristiano Ronaldo … 6 foto(s)
  · Gonçalo Ramos … 4 foto(s)
  · João Félix … 2 foto(s)
  · Trincão … 5 foto(s)
  · Rafael Leão … 1 foto(s)
  · Pedro Neto … 1 foto(s)
  · Gonçalo Guedes … 2 foto(s)
  · Francisco Conceição … 2 foto(s)
  ✓ escrito data\teams\portugal.json

[qatar]
  · Mahmoud Abunada … 0 foto(s)
  · Salah Zakaria … 0 foto(s)
  · Meshaal Barsham … 0 foto(s)
  · Pedro Miguel Correia … 0 foto(s)
  · Lucas Mendes … 0 foto(s)
  · Issa Laye … 0 foto(s)
  · Jassem Gaber … 0 foto(s)
  · Ayoub Aloui … 0 foto(s)
  · Homam Ahmed … 0 foto(s)
  · Boualem Khoukhi … 0 foto(s)
  · Sultan Al-Brake … 0 foto(s)
  · Al-Hashmi Al-Hussein … 0 foto(s)
  · Abdulaziz Hatem … 0 foto(s)
  · Karim Boudiaf … 0 foto(s)
  · Ahmed Al-Ganehi … 0 foto(s)
  · Ahmed Fathy Aboulela … 0 foto(s)
  · Assim Madibo … 1 foto(s)
  · Ahmed Alaaeldin … 0 foto(s)
  · Edmilson Junior … 0 foto(s)
  · Mohammed Muntari … 0 foto(s)
  · Hassan Al-Haydos … 0 foto(s)
  · Akram Afif … 1 foto(s)
  · Yusuf Abdurisag … 0 foto(s)
  · Almoez Ali … 2 foto(s)
  · Tahsin Jamshid … 0 foto(s)
  · Mohamed Manai … 0 foto(s)
  ✓ escrito data\teams\qatar.json

[rd-congo]
  · Lionel Mpasi … 0 foto(s)
  · Timothy Fayulu … 0 foto(s)
  · Matthieu Epolo … 0 foto(s)
  · Aaron Wan-Bissaka … 0 foto(s)
  · Steve Kapuadi … 0 foto(s)
  · Axel Tuanzebe … 0 foto(s)
  · Dylan Batubinsika … 0 foto(s)
  · Joris Kayembe … 0 foto(s)
  · Chancel Mbemba … 0 foto(s)
  · Gédéon Kalulu … 0 foto(s)
  · Arthur Masuaku … 0 foto(s)
  · Ngal'ayel Mukau … 0 foto(s)
  · Nathanaël Mbuku … 0 foto(s)
  · Samuel Moutoussamy … 0 foto(s)
  · Théo Bongonda … 0 foto(s)
  · Noah Sadiki … 0 foto(s)
  · Aaron Tshibola … 0 foto(s)
  · Charles Pickel … 1 foto(s)
  · Edo Kayembe … 0 foto(s)
  · Brian Cipenga … 0 foto(s)
  · Gaël Kakuta … 0 foto(s)
  · Meschack Elia … 0 foto(s)
  · Cédric Bakambu … 0 foto(s)
  · Fiston Mayele … 0 foto(s)
  · Yoane Wissa … 0 foto(s)
  · Simon Banza … 0 foto(s)
  ✓ escrito data\teams\rd-congo.json

[republica-checa]
  · Matěj Kovář … 0 foto(s)
  · Jindřich Staněk … 0 foto(s)
  · Lukáš Horníček … 0 foto(s)
  · David Zima … 0 foto(s)
  · Tomáš Holeš … 0 foto(s)
  · Robin Hranáč … 0 foto(s)
  · Vladimír Coufal … 1 foto(s)
  · Štěpán Chaloupek … 0 foto(s)
  · Ladislav Krejčí … 5 foto(s)
  · David Jurásek … 0 foto(s)
  · Jaroslav Zelený … 0 foto(s)
  · David Doudera … 0 foto(s)
  · Vladimír Darida … 0 foto(s)
  · Lukáš Červ … 0 foto(s)
  · Lukáš Provod … 0 foto(s)
  · Michal Sadílek … 0 foto(s)
  · Tomáš Souček … 4 foto(s)
  · Alexandr Sojka … 0 foto(s)
  · Hugo Šochůrek … 0 foto(s)
  · Adam Hložek … 0 foto(s)
  · Patrik Schick … 6 foto(s)
  · Jan Kuchta … 0 foto(s)
  · Mojmír Chytil … 0 foto(s)
  · Pavel Šulc … 0 foto(s)
  · Tomáš Chorý … 0 foto(s)
  · Denis Višinský … 0 foto(s)
  ✓ escrito data\teams\republica-checa.json

[senegal]
  · Yehvann Diouf … 0 foto(s)
  · Édouard Mendy … 1 foto(s)
  · Mory Diaw … 0 foto(s)
  · Mamadou Sarr … 0 foto(s)
  · Kalidou Koulibaly … 0 foto(s)
  · Abdoulaye Seck … 0 foto(s)
  · Ismail Jakobs … 0 foto(s)
  · Krépin Diatta … 2 foto(s)
  · Moussa Niakhaté … 0 foto(s)
  · Antoine Mendy … 0 foto(s)
  · El Hadji Malick Diouf … 0 foto(s)
  · Idrissa Gueye … 1 foto(s)
  · Pathé Ciss … 0 foto(s)
  · Lamine Camara … 0 foto(s)
  · Pape Matar Sarr … 0 foto(s)
  · Habib Diarra … 0 foto(s)
  · Bara Ndiaye … 0 foto(s)
  · Pape Gueye … 0 foto(s)
  · Assane Diao … 0 foto(s)
  · Bamba Dieng … 0 foto(s)
  · Sadio Mané … 3 foto(s)
  · Nicolas Jackson … 0 foto(s)
  · Chérif Ndiaye … 0 foto(s)
  · Iliman Ndiaye … 0 foto(s)
  · Ismaïla Sarr … 0 foto(s)
  · Ibrahim Mbaye … 0 foto(s)
  ✓ escrito data\teams\senegal.json

[sudafrica]
  · Ronwen Williams … 0 foto(s)
  · Sipho Chaine … 0 foto(s)
  · Ricardo Goss … 0 foto(s)
  · Thabang Matuludi … 0 foto(s)
  · Khulumani Ndamane … 0 foto(s)
  · Aubrey Modiba … 0 foto(s)
  · Mbekezeli Mbokazi … 0 foto(s)
  · Samukelo Kabini … 0 foto(s)
  · Nkosinathi Sibisi … 0 foto(s)
  · Khuliso Mudau … 0 foto(s)
  · Ime Okon … 0 foto(s)
  · Olwethu Makhanya … 0 foto(s)
  · Bradley Cross … 0 foto(s)
  · Teboho Mokoena … 0 foto(s)
  · Thalente Mbatha … 0 foto(s)
  · Themba Zwane … 0 foto(s)
  · Sphephelo Sithole … 0 foto(s)
  · Jayden Adams … 0 foto(s)
  · Oswin Appollis … 0 foto(s)
  · Tshepang Moremi … 0 foto(s)
  · Lyle Foster … 0 foto(s)
  · Relebohile Mofokeng … 0 foto(s)
  · Thapelo Maseko … 0 foto(s)
  · Iqraam Rayners … 0 foto(s)
  · Evidence Makgopa … 0 foto(s)
  · Kamogelo Sebelebele … 0 foto(s)
  ✓ escrito data\teams\sudafrica.json

[suecia]
  · Jacob Widell Zetterström … 0 foto(s)
  · Viktor Johansson … 0 foto(s)
  · Kristoffer Nordfeldt … 0 foto(s)
  · Gustaf Lagerbielke … 0 foto(s)
  · Gabriel Gudmundsson … 1 foto(s)
  · Isak Hien … 0 foto(s)
  · Gabriel Gudmundsson … 1 foto(s)
  · Herman Johansson … 0 foto(s)
  · Daniel Svensson … 0 foto(s)
  · Hjalmar Ekdal … 0 foto(s)
  · Carl Starfelt … 0 foto(s)
  · Erick Smith … 0 foto(s)
  · Alexander Bernhardsson … 0 foto(s)
  · Elliot Stroud … 0 foto(s)
  · Lucas Bergvall … 0 foto(s)
  · Benjamin Nygren … 0 foto(s)
  · Ken Sema … 0 foto(s)
  · Jesper Karlström … 0 foto(s)
  · Yasin Ayari … 2 foto(s)
  · Mattias Svanberg … 0 foto(s)
  · Besfort Zeneli … 0 foto(s)
  · Alexander Isak … 5 foto(s)
  · Anthony Elanga … 0 foto(s)
  · Viktor Gyökeres … 0 foto(s)
  · Gustaf Nilsson … 0 foto(s)
  · Taha Ali … 0 foto(s)
  ✓ escrito data\teams\suecia.json

[suiza]
  · Gregor Kobel … 0 foto(s)
  · Yvon Mvogo … 0 foto(s)
  · Marvin Keller … 0 foto(s)
  · Miro Muheim … 0 foto(s)
  · Silvan Widmer … 0 foto(s)
  · Nico Elvedi … 0 foto(s)
  · Manuel Akanji … 1 foto(s)
  · Ricardo Rodríguez … 5 foto(s)
  · Eray Cömert … 0 foto(s)
  · Aurèle Amenda … 0 foto(s)
  · Luca Jaquez … 0 foto(s)
  · Denis Zakaria … 0 foto(s)
  · Remo Freuler … 0 foto(s)
  · Johan Manzambi … 0 foto(s)
  · Granit Xhaka … 5 foto(s)
  · Ardon Jashari … 0 foto(s)
  · Djibril Sow … 0 foto(s)
  · Michel Aebischer … 0 foto(s)
  · Fabian Rieder … 0 foto(s)
  · Breel Embolo … 0 foto(s)
  · Dan Ndoye … 0 foto(s)
  · Christian Fassnacht … 0 foto(s)
  · Ruben Vargas … 0 foto(s)
  · Noah Okafor … 0 foto(s)
  · Zeki Amdouni … 0 foto(s)
  · Cedric Itten … 0 foto(s)
  ✓ escrito data\teams\suiza.json

[tunez]
  · A. Chamakh … 0 foto(s)
  · Aymen Dahmen … 0 foto(s)
  · Sabri Ben Hessen … 0 foto(s)
  · Ali Abdi … 0 foto(s)
  · Montassar Talbi … 0 foto(s)
  · Omar Rekik … 0 foto(s)
  · Adem Arous … 0 foto(s)
  · Dylan Bronn … 0 foto(s)
  · Mortadha Ben Ouanes … 0 foto(s)
  · Yan Valery … 0 foto(s)
  · M. A. Ben Hmida … 0 foto(s)
  · Moutaz Neffati … 0 foto(s)
  · Raed Chikhaoui … 0 foto(s)
  · Hannibal Mejbri … 0 foto(s)
  · Ismaël Gharbi … 0 foto(s)
  · Rani Khedira … 0 foto(s)
  · Khalil Ayari … 0 foto(s)
  · M. Hadj Mahmoud … 0 foto(s)
  · Ellyes Skhiri … 0 foto(s)
  · Anis Ben Slimane … 0 foto(s)
  · Sebastian Tounekti … 0 foto(s)
  · Elias Achouri … 0 foto(s)
  · Elias Saad … 0 foto(s)
  · Hazem Mastouri … 0 foto(s)
  · Rayan Elloumi … 0 foto(s)
  · Firas Chaouat … 0 foto(s)
  ✓ escrito data\teams\tunez.json

[turquia]
  · Mert Günok … 1 foto(s)
  · Altay Bayındır … 0 foto(s)
  · Uğurcan Çakır … 0 foto(s)
  · Zeki Çelik … 0 foto(s)
  · Merih Demiral … 0 foto(s)
  · Çağlar Söyüncü … 0 foto(s)
  · Eren Elmalı … 0 foto(s)
  · Abdülkerim Bardakcı … 0 foto(s)
  · Ozan Kabak … 0 foto(s)
  · Mert Müldür … 0 foto(s)
  · Ferdi Kadıoğlu … 0 foto(s)
  · Samet Akaydın … 0 foto(s)
  · Salih Özcan … 0 foto(s)
  · Orkun Kökçü … 0 foto(s)
  · Hakan Çalhanoğlu … 0 foto(s)
  · İsmail Yüksek … 0 foto(s)
  · Kaan Ayhan … 0 foto(s)
  · Kerem Aktürkoğlu … 0 foto(s)
  · Arda Güler … 0 foto(s)
  · Deniz Gül … 0 foto(s)
  · Kenan Yıldız … 2 foto(s)
  · İrfan Can Kahveci … 0 foto(s)
  · Yunus Akgün … 0 foto(s)
  · Barış Alper Yılmaz … 0 foto(s)
  · Oğuz Aydın … 0 foto(s)
  · Can Uzun … 0 foto(s)
  ✓ escrito data\teams\turquia.json

[uruguay]
  · Sergio Rochet … 0 foto(s)
  · Santiago Mele … 0 foto(s)
  · Fernando Muslera … 0 foto(s)
  · José María Giménez … 0 foto(s)
  · Sebastián Cáceres … 0 foto(s)
  · Ronald Araújo … 0 foto(s)
  · Guillermo Varela … 0 foto(s)
  · Mathías Olivera … 0 foto(s)
  · Matías Viña … 0 foto(s)
  · Santiago Bueno … 0 foto(s)
  · Manuel Ugarte … 1 foto(s)
  · Rodrigo Bentancur … 0 foto(s)
  · Nicolás de la Cruz … 0 foto(s)
  · Federico Valverde … 1 foto(s)
  · Giorgian De Arrascaeta … 1 foto(s)
  · Agustín Canobbio … 0 foto(s)
  · Emiliano Martínez … 1 foto(s)
  · Maximiliano Araújo … 0 foto(s)
  · Joaquín Piquerez … 0 foto(s)
  · Juan Sanabria … 0 foto(s)
  · Rodrigo Zalazar … 0 foto(s)
  · Darwin Núñez … 1 foto(s)
  · Facundo Pellistri … 0 foto(s)
  · Brian Rodríguez … 0 foto(s)
  · Rodrigo Aguirre … 0 foto(s)
  · Federico Viñas … 0 foto(s)
  ✓ escrito data\teams\uruguay.json

[uzbekistan]
  · Utkir Yusupov … 0 foto(s)
  · Abduvohid Nematov … 0 foto(s)
  · Botirali Ergashev … 0 foto(s)
  · Abdukodir Khusanov … 0 foto(s)
  · Khojiakbar Alijonov … 0 foto(s)
  · Farrukh Sayfiev … 0 foto(s)
  · Rustam Ashurmatov … 0 foto(s)
  · Sherzod Nasrullaev … 0 foto(s)
  · Umarbek Eshmurodov … 0 foto(s)
  · Abdulla Abdullaev … 0 foto(s)
  · Behruzjon Karimov … 0 foto(s)
  · Avazbek Ulmasaliyev … 0 foto(s)
  · Jakhongir Urozov … 0 foto(s)
  · Akmal Mozgovoy … 0 foto(s)
  · Otabek Shukurov … 0 foto(s)
  · Jamshid Iskanderov … 0 foto(s)
  · Odiljon Xamrobekov … 0 foto(s)
  · Jaloliddin Masharipov … 0 foto(s)
  · Oston Urunov … 0 foto(s)
  · Dostonbek Khamdamov … 0 foto(s)
  · Azizjon Ganiev … 0 foto(s)
  · Abbosbek Fayzullaev … 0 foto(s)
  · Sherzod Esanov … 0 foto(s)
  · Eldor Shomurodov … 0 foto(s)
  · Azizbek Amonov … 0 foto(s)
  · Igor Sergeev … 0 foto(s)
  ✓ escrito data\teams\uzbekistan.json

Listo. Informe → scripts/commons-images-report.json
  jugadores con fotos nuevas: 202 · imágenes de país: 0
